<?xml version="1.0" encoding="UTF-8"?>
<!-- Generated by org.testng.reporters.JUnitReportReporter -->
<testsuite hostname="LTIN511361" failures="0" tests="1" name="testCases.TC_NewsTooltipValidation" time="5.262" errors="0" timestamp="2024-04-02T14:05:41 IST" skipped="0">
  <testcase classname="testCases.TC_NewsTooltipValidation" name="Tooltip" time="5.262"/>
</testsuite> <!-- testCases.TC_NewsTooltipValidation -->
