<?xml version="1.0" encoding="UTF-8"?>
<!-- Generated by org.testng.reporters.JUnitReportReporter -->
<testsuite hostname="LTIN511361" failures="0" tests="1" name="testCases.TC_UserDetailss" time="20.649" errors="0" timestamp="2024-04-02T14:05:41 IST" skipped="0">
  <testcase classname="testCases.TC_UserDetailss" name="userDetails" time="20.649"/>
</testsuite> <!-- testCases.TC_UserDetailss -->
