<?xml version="1.0" encoding="UTF-8"?>
<!-- Generated by org.testng.reporters.JUnitReportReporter -->
<testsuite hostname="LTIN511361" failures="0" tests="1" name="testCases.TC_HyperLinks" time="52.457" errors="0" timestamp="2024-04-02T14:05:41 IST" skipped="0">
  <testcase classname="testCases.TC_HyperLinks" name="Links" time="52.457"/>
</testsuite> <!-- testCases.TC_HyperLinks -->
