<?xml version="1.0" encoding="UTF-8"?>
<!-- Generated by org.testng.reporters.JUnitReportReporter -->
<testsuite hostname="LTIN511361" failures="0" tests="1" name="testCases.TC_likeAndViews" time="89.741" errors="0" timestamp="2024-04-02T14:05:41 IST" skipped="0">
  <testcase classname="testCases.TC_likeAndViews" name="likesandviews" time="89.741"/>
</testsuite> <!-- testCases.TC_likeAndViews -->
